2025-03-22 11:47:20,587 - users.models - INFO - User admin saved
2025-03-22 11:48:27,877 - users.models - INFO - Course B-Tech saved
2025-03-22 11:49:52,216 - users.models - INFO - User Prajwal saved
2025-03-22 11:50:25,592 - users.models - INFO - Enrollment AL - B-Tech saved
2025-03-22 11:50:39,279 - users.models - INFO - Enrollment AL - B-Tech saved
2025-03-22 11:52:14,281 - users.models - INFO - User student1 saved
2025-03-24 12:29:02,166 - users.models - INFO - User admin saved
2025-03-24 12:29:27,733 - users.models - INFO - Faculty sa saved
2025-03-24 12:33:46,406 - users.models - INFO - User geeta saved
2025-03-24 12:33:46,899 - users.models - INFO - User geeta saved
2025-03-24 12:34:01,076 - users.models - INFO - User geeta saved
2025-03-24 12:35:55,363 - users.models - INFO - User yogesh saved
2025-03-24 12:35:55,844 - users.models - INFO - User yogesh saved
2025-03-24 12:36:09,500 - users.models - INFO - User yogesh saved
2025-03-26 09:20:26,690 - users.models - INFO - User yogesh saved
2025-03-26 09:29:52,671 - users.models - INFO - User yogesh saved
2025-03-27 14:56:39,003 - users.models - INFO - User admin saved
2025-04-02 10:15:03,645 - users.models - INFO - User student1 saved
2025-04-08 11:10:58,164 - users.models - INFO - User admin saved
2025-04-08 11:25:19,214 - users.models - INFO - User AL saved
2025-04-08 11:26:02,739 - users.models - INFO - User AL saved
2025-04-08 11:41:32,100 - users.models - INFO - User AL saved
2025-04-08 11:50:28,613 - users.models - INFO - User AL saved
2025-04-08 15:16:01,817 - users.models - INFO - User admin saved
2025-04-16 11:51:01,848 - users.models - INFO - User student1 saved
2025-04-16 11:52:03,463 - users.models - INFO - User Abros saved
2025-04-16 11:52:04,006 - users.models - INFO - User Abros saved
2025-04-16 11:52:04,096 - users.models - INFO - Student Abros saved
2025-04-16 11:52:11,517 - users.models - INFO - User Abros saved
